<?xml version="1.0" encoding="UTF-8"?>
<!-- Generated by org.testng.reporters.JUnitXMLReporter -->
<testsuite ignored="0" hostname="LAPTOP-5AP2L8LH" failures="0" tests="2" name="Test" time="0.056" errors="0" timestamp="2021-10-20T12:21:32 EDT">
  <testcase classname="Academy.validateTexts" name="@BeforeTest first" time="0.006">
    <failure type="java.lang.NullPointerException" message="Cannot invoke &amp;quot;String.contains(java.lang.CharSequence)&amp;quot; because &amp;quot;browserName&amp;quot; is null">
      <![CDATA[java.lang.NullPointerException: Cannot invoke "String.contains(java.lang.CharSequence)" because "browserName" is null
at Academy.base.initializeDriver(base.java:29)
at Academy.validateTexts.first(validateTexts.java:26)
at java.base/java.util.concurrent.FutureTask.run(FutureTask.java:264)
at java.base/java.util.concurrent.ThreadPoolExecutor.runWorker(ThreadPoolExecutor.java:1130)
at java.base/java.util.concurrent.ThreadPoolExecutor$Worker.run(ThreadPoolExecutor.java:630)
at java.base/java.lang.Thread.run(Thread.java:831)
... Removed 15 stack frames]]>
    </failure>
  </testcase> <!-- @BeforeTest first -->
  <testcase classname="Academy.validateTexts" name="@AfterTest last" time="-1.634746892133E9">
    <skipped/>
  </testcase> <!-- @AfterTest last -->
  <testcase classname="Academy.validateTexts" name="getbanner" time="0.0">
    <skipped/>
  </testcase> <!-- getbanner -->
  <testcase classname="Academy.validateTexts" name="gettitle" time="0.0">
    <skipped/>
  </testcase> <!-- gettitle -->
</testsuite> <!-- Test -->
