<?xml version="1.0" encoding="UTF-8"?>
<testng-results ignored="0" total="4" passed="4" failed="0" skipped="0">
  <reporter-output>
  </reporter-output>
  <suite started-at="2021-10-20T15:13:26 EDT" name="Suite" finished-at="2021-10-20T15:13:40 EDT" duration-ms="13540">
    <groups>
    </groups>
    <test started-at="2021-10-20T15:13:26 EDT" name="Test" finished-at="2021-10-20T15:13:36 EDT" duration-ms="10128">
      <class name="Academy.validateTexts">
        <test-method is-config="true" signature="first()[pri:0, instance:Academy.validateTexts@25f7391e]" started-at="2021-10-20T15:13:26 EDT" name="first" finished-at="2021-10-20T15:13:35 EDT" duration-ms="9315" status="PASS">
          <reporter-output>
          </reporter-output>
        </test-method> <!-- first -->
        <test-method signature="getbanner()[pri:0, instance:Academy.validateTexts@25f7391e]" started-at="2021-10-20T15:13:35 EDT" name="getbanner" finished-at="2021-10-20T15:13:35 EDT" duration-ms="44" status="PASS">
          <reporter-output>
          </reporter-output>
        </test-method> <!-- getbanner -->
        <test-method signature="gettitle()[pri:0, instance:Academy.validateTexts@25f7391e]" started-at="2021-10-20T15:13:36 EDT" name="gettitle" finished-at="2021-10-20T15:13:36 EDT" duration-ms="73" status="PASS">
          <reporter-output>
          </reporter-output>
        </test-method> <!-- gettitle -->
        <test-method is-config="true" signature="last()[pri:0, instance:Academy.validateTexts@25f7391e]" started-at="2021-10-20T15:13:36 EDT" name="last" finished-at="2021-10-20T15:13:36 EDT" duration-ms="645" status="PASS">
          <reporter-output>
          </reporter-output>
        </test-method> <!-- last -->
      </class> <!-- Academy.validateTexts -->
    </test> <!-- Test -->
    <test started-at="2021-10-20T15:13:26 EDT" name="Test1" finished-at="2021-10-20T15:13:40 EDT" duration-ms="13540">
      <class name="Academy.HomePage">
        <test-method is-config="true" signature="first()[pri:0, instance:Academy.HomePage@29a60c27]" started-at="2021-10-20T15:13:26 EDT" name="first" finished-at="2021-10-20T15:13:37 EDT" duration-ms="11288" status="PASS">
          <reporter-output>
          </reporter-output>
        </test-method> <!-- first -->
        <test-method signature="basePageNavigation(java.lang.String,java.lang.String,java.lang.String)[pri:0, instance:Academy.HomePage@29a60c27]" started-at="2021-10-20T15:13:37 EDT" name="basePageNavigation" data-provider="getdata" finished-at="2021-10-20T15:13:38 EDT" duration-ms="424" status="PASS">
          <params>
            <param index="0">
              <value>
                <![CDATA[firstuser@gmail.com]]>
              </value>
            </param>
            <param index="1">
              <value>
                <![CDATA[uuuu]]>
              </value>
            </param>
            <param index="2">
              <value>
                <![CDATA[firstusertesting]]>
              </value>
            </param>
          </params>
          <reporter-output>
          </reporter-output>
        </test-method> <!-- basePageNavigation -->
        <test-method signature="basePageNavigation(java.lang.String,java.lang.String,java.lang.String)[pri:0, instance:Academy.HomePage@29a60c27]" started-at="2021-10-20T15:13:38 EDT" name="basePageNavigation" data-provider="getdata" finished-at="2021-10-20T15:13:38 EDT" duration-ms="443" status="PASS">
          <params>
            <param index="0">
              <value>
                <![CDATA[seconduser@gmail.com]]>
              </value>
            </param>
            <param index="1">
              <value>
                <![CDATA[uuuuuu]]>
              </value>
            </param>
            <param index="2">
              <value>
                <![CDATA[secondusertesting]]>
              </value>
            </param>
          </params>
          <reporter-output>
          </reporter-output>
        </test-method> <!-- basePageNavigation -->
        <test-method is-config="true" signature="last()[pri:0, instance:Academy.HomePage@29a60c27]" started-at="2021-10-20T15:13:38 EDT" name="last" finished-at="2021-10-20T15:13:40 EDT" duration-ms="1374" status="PASS">
          <reporter-output>
          </reporter-output>
        </test-method> <!-- last -->
      </class> <!-- Academy.HomePage -->
    </test> <!-- Test1 -->
  </suite> <!-- Suite -->
</testng-results>
