<?xml version="1.0" encoding="UTF-8"?>
<testsuite xmlns:xsi="http://www.w3.org/2001/XMLSchema-instance" xsi:noNamespaceSchemaLocation="https://maven.apache.org/surefire/maven-surefire-plugin/xsd/surefire-test-report-3.0.xsd" version="3.0" name="TestSuite" time="14.456" tests="4" errors="0" skipped="0" failures="0">
  <properties>
[...]
</properties>
  <testcase name="getbanner" classname="Academy.validateTexts" time="0.039">
    <system-err><![CDATA[116633474577527062807628	7g2e	cgkeocdkriovderri	vIeNrF	OI	NLFisOte	nLiinsg toenni n1g2 7o.n 01.207..01.:0.119:275140

1634757207616	mozrunne1r6:3:r4u7n57n2e0r7	6I1N6F	Om	oRzurnunninnegr :c:ormumnnanedr:	 IN"FCO:	\R\uPnrniognrga mc oFmimlaensd\:\ "MCo:z\ill\Proag raFmi rFeifloexs\\\\Mfoizrielfloax .eFxie"r e"-f-moarxi\o\nfetiter" e"f-noox-.reexmeo"t e""- "--mparrofiiolnee"t t"eC": \"\-Unsoe-rrse\m\omteeg"h a"\-\pArpopfDialet"a \"\CLo:c\al\\U\Tsemepr\\sr\us\tm_emogzhap\r\oAfpipDlatea\z\NLopcDalO\O\"T
emp\\rust_mozprofileb1vZbS"
1634757208073	Marionette	INFO	Marionette enabled
1634757208075	Marionette	INFO	Marionette enabled
console.warn: SearchSettings: "get: No settings file exists, new profile?" (new NotFoundError("Could not open the file at C:\\Users\\megha\\AppData\\Local\\Temp\\rust_mozprofilezNpDOO\\search.json.mozlz4", (void 0)))
console.warn: SearchSettings: "get: No settings file exists, new profile?" (new NotFoundError("Could not open the file at C:\\Users\\megha\\AppData\\Local\\Temp\\rust_mozprofileb1vZbS\\search.json.mozlz4", (void 0)))
1634757210681	Marionette	INFO	Listening on port 61135
JavaScript error: resource://services-settings/Attachments.jsm, line 391: TypeError: / is not a valid URL.
1634757210803	RemoteAgent	WARN	TLS certificate errors will be ignored for this session
1634Oct 20, 2021 3:13:30 PM org.openqa.selenium.remote.ProtocolHandshake createSession
INFO: Detected dialect: W3C
757210867	Marionette	INFO	Listening on port 61136
JavaScript error: resource://services-settings/Attachments.jsm, line 391: TypeError: / is not a valid URL.
1634757211323	RemoteAgent	WARN	TLS certificate errors will be ignored for this session
Oct 20, 2021 3:13:31 PM org.openqa.selenium.remote.ProtocolHandshake createSession
INFO: Detected dialect: W3C
]]></system-err>
  </testcase>
  <testcase name="gettitle" classname="Academy.validateTexts" time="0.073"/>
  <testcase name="basePageNavigation[firstuser@gmail.com, uuuu, firstusertesting](1)" classname="Academy.HomePage" time="0.422">
    <system-err><![CDATA[1634757216093	Marionette	INFO	Stopped listening on port 61136
JavaScript error: resource:///modules/Interactions.jsm, line 201: NS_ERROR_FAILURE: Component returned failure code: 0x80004005 (NS_ERROR_FAILURE) [nsIUserIdleService.removeIdleObserver]

###!!! [Parent][RunMessage] Error: Channel closing: too late to send/recv, messages will be lost

]]></system-err>
  </testcase>
  <testcase name="basePageNavigation[seconduser@gmail.com, uuuuuu, secondusertesting](2)" classname="Academy.HomePage" time="0.443"/>
</testsuite>