<?xml version="1.0" encoding="UTF-8"?>
<testng-results ignored="0" total="2" passed="2" failed="0" skipped="0">
  <reporter-output>
  </reporter-output>
  <suite started-at="2021-10-23T10:07:49 EDT" name="Suite" finished-at="2021-10-23T10:07:55 EDT" duration-ms="6663">
    <groups>
    </groups>
    <test started-at="2021-10-23T10:07:49 EDT" name="Test1" finished-at="2021-10-23T10:07:49 EDT" duration-ms="14">
    </test> <!-- Test1 -->
    <test started-at="2021-10-23T10:07:49 EDT" name="Test" finished-at="2021-10-23T10:07:55 EDT" duration-ms="6663">
      <class name="Academy.validateTexts">
        <test-method is-config="true" signature="first()[pri:0, instance:Academy.validateTexts@2f162cc0]" started-at="2021-10-23T10:07:49 EDT" name="first" finished-at="2021-10-23T10:07:55 EDT" duration-ms="6305" status="PASS">
          <reporter-output>
          </reporter-output>
        </test-method> <!-- first -->
        <test-method signature="getbanner()[pri:0, instance:Academy.validateTexts@2f162cc0]" started-at="2021-10-23T10:07:55 EDT" name="getbanner" finished-at="2021-10-23T10:07:55 EDT" duration-ms="74" status="PASS">
          <reporter-output>
          </reporter-output>
        </test-method> <!-- getbanner -->
        <test-method signature="gettitle()[pri:0, instance:Academy.validateTexts@2f162cc0]" started-at="2021-10-23T10:07:55 EDT" name="gettitle" finished-at="2021-10-23T10:07:55 EDT" duration-ms="138" status="PASS">
          <reporter-output>
          </reporter-output>
        </test-method> <!-- gettitle -->
        <test-method is-config="true" signature="last()[pri:0, instance:Academy.validateTexts@2f162cc0]" started-at="2021-10-23T10:07:55 EDT" name="last" finished-at="2021-10-23T10:07:55 EDT" duration-ms="76" status="PASS">
          <reporter-output>
          </reporter-output>
        </test-method> <!-- last -->
      </class> <!-- Academy.validateTexts -->
    </test> <!-- Test -->
  </suite> <!-- Suite -->
</testng-results>
