<?xml version="1.0" encoding="UTF-8"?>
<testng-results ignored="0" total="2" passed="2" failed="0" skipped="0">
  <reporter-output>
  </reporter-output>
  <suite started-at="2021-10-20T14:28:05 EDT" name="Default suite" finished-at="2021-10-20T14:28:11 EDT" duration-ms="6846">
    <groups>
    </groups>
    <test started-at="2021-10-20T14:28:05 EDT" name="Default test" finished-at="2021-10-20T14:28:11 EDT" duration-ms="6846">
      <class name="Academy.validateTexts">
        <test-method is-config="true" signature="first()[pri:0, instance:Academy.validateTexts@1dd6d4b7]" started-at="2021-10-20T14:28:05 EDT" name="first" finished-at="2021-10-20T14:28:11 EDT" duration-ms="6437" status="PASS">
          <reporter-output>
          </reporter-output>
        </test-method> <!-- first -->
        <test-method signature="getbanner()[pri:0, instance:Academy.validateTexts@1dd6d4b7]" started-at="2021-10-20T14:28:11 EDT" name="getbanner" finished-at="2021-10-20T14:28:11 EDT" duration-ms="89" status="PASS">
          <reporter-output>
          </reporter-output>
        </test-method> <!-- getbanner -->
        <test-method signature="gettitle()[pri:0, instance:Academy.validateTexts@1dd6d4b7]" started-at="2021-10-20T14:28:11 EDT" name="gettitle" finished-at="2021-10-20T14:28:11 EDT" duration-ms="180" status="PASS">
          <reporter-output>
          </reporter-output>
        </test-method> <!-- gettitle -->
        <test-method is-config="true" signature="last()[pri:0, instance:Academy.validateTexts@1dd6d4b7]" started-at="2021-10-20T14:28:11 EDT" name="last" finished-at="2021-10-20T14:28:11 EDT" duration-ms="88" status="PASS">
          <reporter-output>
          </reporter-output>
        </test-method> <!-- last -->
      </class> <!-- Academy.validateTexts -->
    </test> <!-- Default test -->
  </suite> <!-- Default suite -->
</testng-results>
