<?xml version="1.0" encoding="UTF-8"?>
<testng-results ignored="0" total="2" passed="2" failed="0" skipped="0">
  <reporter-output>
  </reporter-output>
  <suite started-at="2021-10-23T10:02:18 EDT" name="Suite" finished-at="2021-10-23T10:02:24 EDT" duration-ms="6471">
    <groups>
      <group name="cucumber">
        <method signature="AbstractTestNGCucumberTests.runScenario(io.cucumber.testng.PickleWrapper,io.cucumber.testng.FeatureWrapper)[pri:0, instance:CucumberOptions.TestRunner@12d2ce03]" name="runScenario" class="io.cucumber.testng.AbstractTestNGCucumberTests"/>
      </group> <!-- cucumber -->
    </groups>
    <test started-at="2021-10-23T10:02:18 EDT" name="Test1" finished-at="2021-10-23T10:02:18 EDT" duration-ms="171">
      <class name="CucumberOptions.TestRunner">
        <test-method is-config="true" signature="setUpClass()[pri:0, instance:CucumberOptions.TestRunner@12d2ce03]" started-at="2021-10-23T10:02:18 EDT" name="setUpClass" finished-at="2021-10-23T10:02:18 EDT" duration-ms="145" status="PASS">
          <reporter-output>
          </reporter-output>
        </test-method> <!-- setUpClass -->
        <test-method is-config="true" signature="tearDownClass()[pri:0, instance:CucumberOptions.TestRunner@12d2ce03]" started-at="2021-10-23T10:02:18 EDT" name="tearDownClass" finished-at="2021-10-23T10:02:18 EDT" duration-ms="9" status="PASS">
          <reporter-output>
          </reporter-output>
        </test-method> <!-- tearDownClass -->
      </class> <!-- CucumberOptions.TestRunner -->
    </test> <!-- Test1 -->
    <test started-at="2021-10-23T10:02:18 EDT" name="Test" finished-at="2021-10-23T10:02:24 EDT" duration-ms="6471">
      <class name="Academy.validateTexts">
        <test-method is-config="true" signature="first()[pri:0, instance:Academy.validateTexts@7a11c4c7]" started-at="2021-10-23T10:02:18 EDT" name="first" finished-at="2021-10-23T10:02:24 EDT" duration-ms="6144" status="PASS">
          <reporter-output>
          </reporter-output>
        </test-method> <!-- first -->
        <test-method signature="getbanner()[pri:0, instance:Academy.validateTexts@7a11c4c7]" started-at="2021-10-23T10:02:24 EDT" name="getbanner" finished-at="2021-10-23T10:02:24 EDT" duration-ms="82" status="PASS">
          <reporter-output>
          </reporter-output>
        </test-method> <!-- getbanner -->
        <test-method signature="gettitle()[pri:0, instance:Academy.validateTexts@7a11c4c7]" started-at="2021-10-23T10:02:24 EDT" name="gettitle" finished-at="2021-10-23T10:02:24 EDT" duration-ms="103" status="PASS">
          <reporter-output>
          </reporter-output>
        </test-method> <!-- gettitle -->
        <test-method is-config="true" signature="last()[pri:0, instance:Academy.validateTexts@7a11c4c7]" started-at="2021-10-23T10:02:24 EDT" name="last" finished-at="2021-10-23T10:02:24 EDT" duration-ms="105" status="PASS">
          <reporter-output>
          </reporter-output>
        </test-method> <!-- last -->
      </class> <!-- Academy.validateTexts -->
    </test> <!-- Test -->
  </suite> <!-- Suite -->
</testng-results>
